TN:
SF:src\app.js
FN:36,(anonymous_0)
FNF:1
FNH:0
FNDA:0,(anonymous_0)
DA:1,4
DA:2,4
DA:3,4
DA:5,4
DA:6,4
DA:7,4
DA:8,4
DA:9,4
DA:10,4
DA:12,4
DA:14,4
DA:17,4
DA:24,4
DA:26,4
DA:27,4
DA:29,4
DA:30,4
DA:31,4
DA:32,4
DA:33,4
DA:34,4
DA:36,4
DA:38,4
LF:23
LH:23
BRF:0
BRH:0
end_of_record
TN:
SF:src\server.js
FN:5,(anonymous_0)
FNF:1
FNH:0
FNDA:0,(anonymous_0)
DA:1,0
DA:2,0
DA:4,0
DA:5,0
DA:6,0
LF:5
LH:0
BRDA:4,0,0,0
BRDA:4,0,1,0
BRF:2
BRH:0
end_of_record
TN:
SF:src\controllers\authController.js
FN:5,(anonymous_0)
FN:24,(anonymous_1)
FNF:2
FNH:2
FNDA:6,(anonymous_0)
FNDA:5,(anonymous_1)
DA:1,4
DA:2,4
DA:3,4
DA:5,4
DA:6,6
DA:7,6
DA:8,6
DA:9,1
DA:11,5
DA:12,5
DA:13,1
DA:15,4
DA:16,4
DA:18,4
DA:20,0
DA:24,4
DA:25,5
DA:26,5
DA:27,5
DA:28,0
DA:30,5
DA:31,5
DA:32,0
DA:34,5
DA:35,5
DA:36,5
DA:37,1
DA:39,4
DA:45,4
DA:47,0
DA:51,4
LF:31
LH:27
BRDA:8,0,0,1
BRDA:8,0,1,5
BRDA:8,1,0,6
BRDA:8,1,1,5
BRDA:8,1,2,5
BRDA:12,2,0,1
BRDA:12,2,1,4
BRDA:27,3,0,0
BRDA:27,3,1,5
BRDA:27,4,0,5
BRDA:27,4,1,5
BRDA:31,5,0,0
BRDA:31,5,1,5
BRDA:36,6,0,1
BRDA:36,6,1,4
BRF:15
BRH:13
end_of_record
TN:
SF:src\controllers\bookingController.js
FN:6,(anonymous_0)
FN:20,(anonymous_1)
FN:81,(anonymous_2)
FN:99,(anonymous_3)
FN:131,(anonymous_4)
FN:157,(anonymous_5)
FNF:6
FNH:3
FNDA:0,(anonymous_0)
FNDA:7,(anonymous_1)
FNDA:1,(anonymous_2)
FNDA:0,(anonymous_3)
FNDA:1,(anonymous_4)
FNDA:0,(anonymous_5)
DA:1,4
DA:3,4
DA:4,4
DA:6,4
DA:7,0
DA:8,0
DA:15,0
DA:16,0
DA:17,0
DA:20,4
DA:21,7
DA:22,7
DA:23,7
DA:25,7
DA:26,1
DA:29,6
DA:30,6
DA:31,6
DA:32,6
DA:34,6
DA:35,6
DA:37,0
DA:38,0
DA:39,0
DA:41,0
DA:42,0
DA:43,0
DA:44,0
DA:47,0
DA:48,0
DA:51,0
DA:52,0
DA:55,0
DA:56,0
DA:57,0
DA:62,0
DA:63,0
DA:64,0
DA:66,0
DA:68,0
DA:72,0
DA:74,0
DA:76,0
DA:81,4
DA:82,1
DA:83,1
DA:93,1
DA:95,0
DA:99,4
DA:100,0
DA:101,0
DA:102,0
DA:105,0
DA:110,0
DA:111,0
DA:113,0
DA:116,0
DA:117,0
DA:120,0
DA:123,0
DA:125,0
DA:127,0
DA:131,4
DA:132,1
DA:133,1
DA:134,1
DA:136,1
DA:141,1
DA:142,1
DA:144,0
DA:146,0
DA:147,0
DA:149,0
DA:151,0
DA:153,0
DA:157,4
DA:158,0
DA:159,0
DA:160,0
DA:162,0
DA:167,0
DA:168,0
DA:170,0
DA:172,0
DA:173,0
DA:176,0
DA:179,0
DA:180,0
DA:181,0
DA:183,0
DA:186,0
DA:188,0
DA:192,4
LF:93
LH:30
BRDA:7,0,0,0
BRDA:7,0,1,0
BRDA:7,1,0,0
BRDA:7,1,1,0
BRDA:17,2,0,0
BRDA:17,2,1,0
BRDA:25,3,0,1
BRDA:25,3,1,6
BRDA:25,4,0,7
BRDA:25,4,1,7
BRDA:25,4,2,6
BRDA:34,5,0,6
BRDA:34,5,1,0
BRDA:38,6,0,0
BRDA:38,6,1,0
BRDA:43,7,0,0
BRDA:43,7,1,0
BRDA:47,8,0,0
BRDA:47,8,1,0
BRDA:51,9,0,0
BRDA:51,9,1,0
BRDA:55,10,0,0
BRDA:55,10,1,0
BRDA:56,11,0,0
BRDA:56,11,1,0
BRDA:63,12,0,0
BRDA:63,12,1,0
BRDA:110,13,0,0
BRDA:110,13,1,0
BRDA:116,14,0,0
BRDA:116,14,1,0
BRDA:141,15,0,1
BRDA:141,15,1,0
BRDA:146,16,0,0
BRDA:146,16,1,0
BRDA:167,17,0,0
BRDA:167,17,1,0
BRDA:172,18,0,0
BRDA:172,18,1,0
BRDA:179,19,0,0
BRDA:179,19,1,0
BRDA:180,20,0,0
BRDA:180,20,1,0
BRF:43
BRH:7
end_of_record
TN:
SF:src\controllers\carController.js
FN:3,(anonymous_0)
FN:24,(anonymous_1)
FN:37,(anonymous_2)
FNF:3
FNH:3
FNDA:3,(anonymous_0)
FNDA:70,(anonymous_1)
FNDA:2,(anonymous_2)
DA:1,4
DA:3,4
DA:4,3
DA:5,3
DA:6,3
DA:14,3
DA:16,3
DA:17,3
DA:19,3
DA:21,3
DA:24,70
DA:31,3
DA:33,0
DA:37,4
DA:38,2
DA:39,2
DA:48,2
DA:50,2
DA:51,1
DA:53,1
DA:60,1
DA:62,0
DA:66,4
LF:23
LH:21
BRDA:16,0,0,1
BRDA:16,0,1,2
BRDA:17,1,0,1
BRDA:17,1,1,2
BRDA:26,2,0,9
BRDA:26,2,1,61
BRDA:50,3,0,1
BRDA:50,3,1,1
BRDA:55,4,0,1
BRDA:55,4,1,0
BRF:10
BRH:9
end_of_record
TN:
SF:src\controllers\reviewController.js
FN:3,(anonymous_0)
FN:48,(anonymous_1)
FNF:2
FNH:0
FNDA:0,(anonymous_0)
FNDA:0,(anonymous_1)
DA:1,4
DA:3,4
DA:4,0
DA:5,0
DA:6,0
DA:8,0
DA:9,0
DA:12,0
DA:13,0
DA:17,0
DA:22,0
DA:23,0
DA:26,0
DA:27,0
DA:31,0
DA:32,0
DA:33,0
DA:37,0
DA:42,0
DA:44,0
DA:48,4
DA:49,0
DA:50,0
DA:52,0
DA:61,0
DA:63,0
DA:67,4
LF:27
LH:4
BRDA:8,0,0,0
BRDA:8,0,1,0
BRDA:8,1,0,0
BRDA:8,1,1,0
BRDA:8,1,2,0
BRDA:12,2,0,0
BRDA:12,2,1,0
BRDA:12,3,0,0
BRDA:12,3,1,0
BRDA:22,4,0,0
BRDA:22,4,1,0
BRDA:26,5,0,0
BRDA:26,5,1,0
BRDA:32,6,0,0
BRDA:32,6,1,0
BRF:15
BRH:0
end_of_record
TN:
SF:src\controllers\staffCarController.js
FN:4,(anonymous_0)
FN:14,(anonymous_1)
FN:38,(anonymous_2)
FN:63,(anonymous_3)
FN:89,(anonymous_4)
FNF:5
FNH:3
FNDA:1,(anonymous_0)
FNDA:2,(anonymous_1)
FNDA:3,(anonymous_2)
FNDA:0,(anonymous_3)
FNDA:0,(anonymous_4)
DA:1,4
DA:4,4
DA:5,1
DA:6,1
DA:7,1
DA:9,0
DA:14,4
DA:15,2
DA:16,2
DA:19,2
DA:20,1
DA:23,1
DA:28,1
DA:33,0
DA:38,4
DA:39,3
DA:40,3
DA:41,3
DA:43,3
DA:44,1
DA:47,2
DA:52,2
DA:53,1
DA:56,1
DA:58,0
DA:63,4
DA:64,0
DA:65,0
DA:68,0
DA:73,0
DA:74,0
DA:77,0
DA:79,0
DA:80,0
DA:83,0
DA:85,0
DA:89,4
DA:90,0
DA:91,0
DA:92,0
DA:95,0
DA:96,0
DA:99,0
DA:104,0
DA:105,0
DA:108,0
DA:110,0
DA:114,4
LF:48
LH:25
BRDA:19,0,0,1
BRDA:19,0,1,1
BRDA:19,1,0,2
BRDA:19,1,1,2
BRDA:19,1,2,2
BRDA:19,1,3,1
BRDA:19,1,4,1
BRDA:19,1,5,1
BRDA:25,2,0,1
BRDA:25,2,1,1
BRDA:25,3,0,1
BRDA:25,3,1,1
BRDA:43,4,0,1
BRDA:43,4,1,2
BRDA:43,5,0,3
BRDA:43,5,1,3
BRDA:43,5,2,2
BRDA:43,5,3,2
BRDA:43,5,4,2
BRDA:43,5,5,2
BRDA:49,6,0,1
BRDA:49,6,1,1
BRDA:49,7,0,2
BRDA:49,7,1,2
BRDA:49,8,0,2
BRDA:49,8,1,2
BRDA:52,9,0,1
BRDA:52,9,1,1
BRDA:73,10,0,0
BRDA:73,10,1,0
BRDA:79,11,0,0
BRDA:79,11,1,0
BRDA:95,12,0,0
BRDA:95,12,1,0
BRDA:95,13,0,0
BRDA:95,13,1,0
BRDA:104,14,0,0
BRDA:104,14,1,0
BRF:38
BRH:28
end_of_record
TN:
SF:src\controllers\staffController.js
FN:4,(anonymous_0)
FN:24,(anonymous_1)
FN:38,(anonymous_2)
FN:51,(anonymous_3)
FNF:4
FNH:3
FNDA:1,(anonymous_0)
FNDA:1,(anonymous_1)
FNDA:1,(anonymous_2)
FNDA:0,(anonymous_3)
DA:1,4
DA:4,4
DA:5,1
DA:6,1
DA:9,1
DA:13,1
DA:19,0
DA:24,4
DA:25,1
DA:26,1
DA:31,1
DA:33,0
DA:38,4
DA:39,1
DA:41,1
DA:44,0
DA:46,0
DA:48,1
DA:51,4
DA:52,0
DA:53,0
DA:55,0
DA:56,0
DA:57,0
DA:60,0
DA:61,0
DA:62,0
DA:66,0
DA:69,0
DA:71,0
DA:73,0
DA:77,4
LF:32
LH:16
BRDA:56,0,0,0
BRDA:56,0,1,0
BRDA:61,1,0,0
BRDA:61,1,1,0
BRF:4
BRH:0
end_of_record
TN:
SF:src\controllers\userController.js
FN:3,(anonymous_0)
FN:20,(anonymous_1)
FNF:2
FNH:0
FNDA:0,(anonymous_0)
FNDA:0,(anonymous_1)
DA:1,4
DA:3,4
DA:4,0
DA:5,0
DA:10,0
DA:11,0
DA:14,0
DA:16,0
DA:20,4
DA:21,0
DA:22,0
DA:24,0
DA:25,0
DA:28,0
DA:30,0
DA:32,0
DA:36,4
LF:17
LH:4
BRDA:10,0,0,0
BRDA:10,0,1,0
BRDA:24,1,0,0
BRDA:24,1,1,0
BRDA:24,2,0,0
BRDA:24,2,1,0
BRF:6
BRH:0
end_of_record
TN:
SF:src\database\db.js
FN:15,(anonymous_0)
FN:21,(anonymous_1)
FN:33,(anonymous_2)
FNF:3
FNH:3
FNDA:4,(anonymous_0)
FNDA:44,(anonymous_1)
FNDA:44,(anonymous_2)
DA:1,4
DA:2,4
DA:4,4
DA:15,4
DA:16,4
DA:17,4
DA:20,4
DA:21,44
DA:23,4
DA:24,0
DA:27,4
DA:28,0
DA:32,4
DA:33,44
DA:35,4
DA:36,0
DA:38,4
DA:39,0
DA:41,4
DA:42,0
DA:46,4
DA:49,4
DA:64,4
DA:65,4
DA:67,0
DA:71,4
DA:73,4
LF:27
LH:21
BRDA:5,0,0,4
BRDA:5,0,1,0
BRDA:6,1,0,4
BRDA:6,1,1,0
BRDA:7,2,0,4
BRDA:7,2,1,0
BRDA:8,3,0,4
BRDA:8,3,1,0
BRDA:9,4,0,4
BRDA:9,4,1,0
BRDA:23,5,0,0
BRDA:23,5,1,4
BRDA:27,6,0,0
BRDA:27,6,1,4
BRDA:35,7,0,0
BRDA:35,7,1,4
BRDA:38,8,0,0
BRDA:38,8,1,4
BRDA:41,9,0,0
BRDA:41,9,1,4
BRF:20
BRH:10
end_of_record
TN:
SF:src\middleware\authMiddleware.js
FN:3,(anonymous_0)
FNF:1
FNH:1
FNDA:24,(anonymous_0)
DA:1,4
DA:3,4
DA:4,24
DA:5,24
DA:7,19
DA:8,19
DA:9,19
DA:10,19
DA:12,0
DA:16,4
LF:10
LH:9
BRDA:5,0,0,5
BRDA:5,0,1,19
BRF:2
BRH:2
end_of_record
TN:
SF:src\routes\authRoutes.js
FNF:0
FNH:0
DA:1,4
DA:2,4
DA:3,4
DA:5,4
DA:6,4
DA:8,4
LF:6
LH:6
BRF:0
BRH:0
end_of_record
TN:
SF:src\routes\bookingRoutes.js
FNF:0
FNH:0
DA:1,4
DA:2,4
DA:3,4
DA:4,4
DA:6,4
DA:7,4
DA:8,4
DA:9,4
DA:10,4
DA:12,4
LF:10
LH:10
BRF:0
BRH:0
end_of_record
TN:
SF:src\routes\carRoutes.js
FNF:0
FNH:0
DA:1,4
DA:2,4
DA:3,4
DA:5,4
DA:6,4
DA:8,4
LF:6
LH:6
BRF:0
BRH:0
end_of_record
TN:
SF:src\routes\reviewRoutes.js
FNF:0
FNH:0
DA:1,4
DA:2,4
DA:3,4
DA:5,4
DA:7,4
DA:8,4
DA:10,4
LF:7
LH:7
BRF:0
BRH:0
end_of_record
TN:
SF:src\routes\staffRoutes.js
FN:8,(anonymous_0)
FN:8,(anonymous_1)
FNF:2
FNH:2
FNDA:36,(anonymous_0)
FNDA:10,(anonymous_1)
DA:1,4
DA:2,4
DA:3,4
DA:4,4
DA:5,4
DA:8,36
DA:9,10
DA:10,1
DA:12,9
DA:16,4
DA:17,4
DA:18,4
DA:19,4
DA:22,4
DA:23,4
DA:24,4
DA:25,4
DA:26,4
DA:28,4
LF:19
LH:19
BRDA:9,0,0,1
BRDA:9,0,1,9
BRDA:9,1,0,10
BRDA:9,1,1,10
BRF:4
BRH:4
end_of_record
TN:
SF:src\routes\userRoutes.js
FNF:0
FNH:0
DA:1,4
DA:2,4
DA:3,4
DA:4,4
DA:6,4
DA:7,4
DA:9,4
LF:7
LH:7
BRF:0
BRH:0
end_of_record
